Using pre-set license
Built from '2021.1/staging' branch; Version is '2021.1.21f1 (f2d5d3c59f8c) revision 15914451'; Using compiler version '192528614'; Build Type 'Release'
OS: 'Windows 10 Home Single Language; OS build 19043.1237; Version 2009; 64bit' Language: 'en' Physical Memory: 8034 MB
BatchMode: 1, IsHumanControllingUs: 0, StartBugReporterOnCrash: 0, Is64bit: 1, IsPro: 0

COMMAND LINE ARGUMENTS:
C:\Program Files\Unity\Hub\Editor\2021.1.21f1\Editor\Unity.exe
-adb2
-batchMode
-noUpm
-name
AssetImportWorker0
-projectPath
D:/UnityGamedesign3/bombergame/Bomber_Client
-logFile
Logs/AssetImportWorker0.log
-srvPort
64085
Successfully changed project path to: D:/UnityGamedesign3/bombergame/Bomber_Client
D:/UnityGamedesign3/bombergame/Bomber_Client
Using Asset Import Pipeline V2.
Refreshing native plugins compatible for Editor in 139.66 ms, found 3 plugins.
Preloading 0 native plugins for Editor in 0.00 ms.
Initialize engine version: 2021.1.21f1 (f2d5d3c59f8c)
[Subsystems] Discovering subsystems at path C:/Program Files/Unity/Hub/Editor/2021.1.21f1/Editor/Data/Resources/UnitySubsystems
[Subsystems] Discovering subsystems at path D:/UnityGamedesign3/bombergame/Bomber_Client/Assets
GfxDevice: creating device client; threaded=0; jobified=0
Direct3D:
    Version:  Direct3D 11.0 [level 11.1]
    Renderer: NVIDIA GeForce GTX 1060 (ID=0x1c20)
    Vendor:   NVIDIA
    VRAM:     6052 MB
    Driver:   30.0.14.7168
Initialize mono
Mono path[0] = 'C:/Program Files/Unity/Hub/Editor/2021.1.21f1/Editor/Data/Managed'
Mono path[1] = 'C:/Program Files/Unity/Hub/Editor/2021.1.21f1/Editor/Data/MonoBleedingEdge/lib/mono/unityjit'
Mono config path = 'C:/Program Files/Unity/Hub/Editor/2021.1.21f1/Editor/Data/MonoBleedingEdge/etc'
Using monoOptions --debugger-agent=transport=dt_socket,embedding=1,server=y,suspend=n,address=127.0.0.1:56832
Begin MonoManager ReloadAssembly
Registering precompiled unity dll's ...
Register platform support module: C:/Program Files/Unity/Hub/Editor/2021.1.21f1/Editor/Data/PlaybackEngines/WebGLSupport/UnityEditor.WebGL.Extensions.dll
Register platform support module: C:/Program Files/Unity/Hub/Editor/2021.1.21f1/Editor/Data/PlaybackEngines/WindowsStandaloneSupport/UnityEditor.WindowsStandalone.Extensions.dll
Registered in 0.004401 seconds.
Native extension for WindowsStandalone target not found
Native extension for WebGL target not found
Refreshing native plugins compatible for Editor in 159.62 ms, found 3 plugins.
Preloading 0 native plugins for Editor in 0.00 ms.
Mono: successfully reloaded assembly
- Completed reload, in  2.509 seconds
Domain Reload Profiling:
	ReloadAssembly (2510ms)
		BeginReloadAssembly (117ms)
			ExecutionOrderSort (0ms)
			DisableScriptedObjects (0ms)
			BackupInstance (0ms)
			ReleaseScriptingObjects (0ms)
			CreateAndSetChildDomain (1ms)
		EndReloadAssembly (880ms)
			LoadAssemblies (113ms)
			RebuildTransferFunctionScriptingTraits (0ms)
			SetupTypeCache (315ms)
			ReleaseScriptCaches (0ms)
			RebuildScriptCaches (62ms)
			SetupLoadedEditorAssemblies (420ms)
				LogAssemblyErrors (0ms)
				InitializePlatformSupportModulesInManaged (14ms)
				SetLoadedEditorAssemblies (0ms)
				RefreshPlugins (160ms)
				BeforeProcessingInitializeOnLoad (2ms)
				ProcessInitializeOnLoadAttributes (191ms)
				ProcessInitializeOnLoadMethodAttributes (53ms)
				AfterProcessingInitializeOnLoad (0ms)
				EditorAssembliesLoaded (0ms)
			ExecutionOrderSort2 (0ms)
			AwakeInstancesAfterBackupRestoration (0ms)
Platform modules already initialized, skipping
Registering precompiled user dll's ...
Registered in 0.007591 seconds.
Begin MonoManager ReloadAssembly
Symbol file LoadedFromMemory doesn't match image D:\UnityGamedesign3\bombergame\Bomber_Client\Library\PackageCache\com.unity.visualscripting@1.6.1\Editor\VisualScripting.Core\Dependencies\YamlDotNet\Unity.VisualScripting.YamlDotNet.dll
Symbol file LoadedFromMemory doesn't match image D:\UnityGamedesign3\bombergame\Bomber_Client\Library\PackageCache\com.unity.visualscripting@1.6.1\Editor\VisualScripting.Core\Dependencies\DotNetZip\Unity.VisualScripting.IonicZip.dll
Native extension for WindowsStandalone target not found
Native extension for WebGL target not found
Refreshing native plugins compatible for Editor in 1.01 ms, found 3 plugins.
Preloading 0 native plugins for Editor in 0.00 ms.
Mono: successfully reloaded assembly
- Completed reload, in  2.599 seconds
Domain Reload Profiling:
	ReloadAssembly (2600ms)
		BeginReloadAssembly (369ms)
			ExecutionOrderSort (0ms)
			DisableScriptedObjects (9ms)
			BackupInstance (0ms)
			ReleaseScriptingObjects (1ms)
			CreateAndSetChildDomain (39ms)
		EndReloadAssembly (2119ms)
			LoadAssemblies (199ms)
			RebuildTransferFunctionScriptingTraits (0ms)
			SetupTypeCache (768ms)
			ReleaseScriptCaches (1ms)
			RebuildScriptCaches (85ms)
			SetupLoadedEditorAssemblies (899ms)
				LogAssemblyErrors (0ms)
				InitializePlatformSupportModulesInManaged (11ms)
				SetLoadedEditorAssemblies (1ms)
				RefreshPlugins (1ms)
				BeforeProcessingInitializeOnLoad (187ms)
				ProcessInitializeOnLoadAttributes (675ms)
				ProcessInitializeOnLoadMethodAttributes (9ms)
				AfterProcessingInitializeOnLoad (14ms)
				EditorAssembliesLoaded (0ms)
			ExecutionOrderSort2 (0ms)
			AwakeInstancesAfterBackupRestoration (16ms)
Platform modules already initialized, skipping
========================================================================
Worker process is ready to serve import requests
Launched and connected shader compiler UnityShaderCompiler.exe after 0.24 seconds
Refreshing native plugins compatible for Editor in 0.77 ms, found 3 plugins.
Preloading 0 native plugins for Editor in 0.00 ms.
Unloading 3000 Unused Serialized files (Serialized files now loaded: 0)
System memory in use before: 107.8 MB.
System memory in use after: 108.0 MB.

Unloading 23 unused Assets to reduce memory usage. Loaded Objects now: 3445.
Total: 5.817000 ms (FindLiveObjects: 0.351800 ms CreateObjectMapping: 0.240700 ms MarkObjects: 5.098100 ms  DeleteObjects: 0.124400 ms)

AssetImportParameters requested are different than current active one (requested -> active):
  custom:framework-win-MediaFoundation: 216162199b28c13a410421893ffa2e32 -> 
  custom:video-decoder-ogg-theora: a1e56fd34408186e4bbccfd4996cb3dc -> 
  custom:container-muxer-webm: aa71ff27fc2769a1b78a27578f13a17b -> 
  custom:container-demuxer-webm: 4f35f7cbe854078d1ac9338744f61a02 -> 
  custom:container-demuxer-ogg: 62fdf1f143b41e24485cea50d1cbac27 -> 
  custom:video-encoder-webm-vp8: eb34c28f22e8b96e1ab97ce403110664 -> 
  custom:video-decoder-webm-vp8: 9c59270c3fd7afecdb556c50c9e8de78 -> 
  custom:audio-decoder-ogg-vorbis: bf7c407c2cedff20999df2af8eb42d56 -> 
  custom:audio-encoder-webm-vorbis: bf7c407c2cedff20999df2af8eb42d56 -> 
========================================================================
Received Import Request.
  path: Assets/Model/model@Standing React Death Backward.fbx
  artifactKey: Guid(e671d5a24323db247af944ea36d19402) Importer(815301076,1909f56bfc062723c751e8b465ee728b)
Start importing Assets/Model/model@Standing React Death Backward.fbx using Guid(e671d5a24323db247af944ea36d19402) Importer(815301076,1909f56bfc062723c751e8b465ee728b)  -> (artifact id: '5624e2d11e0a4980452d24341da9fcdd') in 0.408218 seconds 
========================================================================
Received Import Request.
  Time since last request: 0.000449 seconds.
  path: Assets/Model/model@Idle.fbx
  artifactKey: Guid(8177e48493dabc543afb233a19dab796) Importer(815301076,1909f56bfc062723c751e8b465ee728b)
Start importing Assets/Model/model@Idle.fbx using Guid(8177e48493dabc543afb233a19dab796) Importer(815301076,1909f56bfc062723c751e8b465ee728b)  -> (artifact id: '459e54de48105121c654aa6a69f476f9') in 0.062239 seconds 
========================================================================
Received Import Request.
  Time since last request: 16.692833 seconds.
  path: Assets/Model/Model.fbx
  artifactKey: Guid(1df5cf502987ec74b904c0522e0cb74e) Importer(815301076,1909f56bfc062723c751e8b465ee728b)
Start importing Assets/Model/Model.fbx using Guid(1df5cf502987ec74b904c0522e0cb74e) Importer(815301076,1909f56bfc062723c751e8b465ee728b)  -> (artifact id: '49310bfcfbcded9a5442e335acd00021') in 0.162647 seconds 
========================================================================
Received Import Request.
  Time since last request: 183.354601 seconds.
  path: Assets/Model/model@Standing React Death Backward.fbx
  artifactKey: Guid(e671d5a24323db247af944ea36d19402) Importer(815301076,1909f56bfc062723c751e8b465ee728b)
Start importing Assets/Model/model@Standing React Death Backward.fbx using Guid(e671d5a24323db247af944ea36d19402) Importer(815301076,1909f56bfc062723c751e8b465ee728b)  -> (artifact id: '0338ed34e3c668eabd3f8065b4bf4acb') in 0.202166 seconds 
========================================================================
Received Import Request.
  Time since last request: 12.749910 seconds.
  path: Assets/Model/model@Idle.fbx
  artifactKey: Guid(8177e48493dabc543afb233a19dab796) Importer(815301076,1909f56bfc062723c751e8b465ee728b)
Start importing Assets/Model/model@Idle.fbx using Guid(8177e48493dabc543afb233a19dab796) Importer(815301076,1909f56bfc062723c751e8b465ee728b)  -> (artifact id: '7ffbafc54d3cbc84bc1ca7d1e78acbe7') in 0.196714 seconds 
========================================================================
Received Import Request.
  Time since last request: 31.786897 seconds.
  path: Assets/Model/Run.anim
  artifactKey: Guid(77f707cf95dc510489f00e3e031c512a) Importer(815301076,1909f56bfc062723c751e8b465ee728b)
Start importing Assets/Model/Run.anim using Guid(77f707cf95dc510489f00e3e031c512a) Importer(815301076,1909f56bfc062723c751e8b465ee728b)  -> (artifact id: '97377113414b6395e647ab90694da2da') in 0.034416 seconds 
========================================================================
Received Import Request.
  Time since last request: 5.617578 seconds.
  path: Assets/Model/Idle.anim
  artifactKey: Guid(b0246f084222f354e8f1b3f70a972f5c) Importer(815301076,1909f56bfc062723c751e8b465ee728b)
Start importing Assets/Model/Idle.anim using Guid(b0246f084222f354e8f1b3f70a972f5c) Importer(815301076,1909f56bfc062723c751e8b465ee728b)  -> (artifact id: '7ebd6d2837696c9976abcc05d9ea80d4') in 0.018133 seconds 
========================================================================
Received Import Request.
  Time since last request: 5.200528 seconds.
  path: Assets/Model/Death.anim
  artifactKey: Guid(dfeb2f8737c4830459d64decae09ad0b) Importer(815301076,1909f56bfc062723c751e8b465ee728b)
Start importing Assets/Model/Death.anim using Guid(dfeb2f8737c4830459d64decae09ad0b) Importer(815301076,1909f56bfc062723c751e8b465ee728b)  -> (artifact id: 'e0abae9fe372666fbe076ecb6cd54873') in 0.013680 seconds 
========================================================================
Received Import Request.
  Time since last request: 39.405922 seconds.
  path: Assets/Model/New Animator Controller.controller
  artifactKey: Guid(b118f8ffa80d0a34f9b59aa0eaa60b5d) Importer(815301076,1909f56bfc062723c751e8b465ee728b)
Start importing Assets/Model/New Animator Controller.controller using Guid(b118f8ffa80d0a34f9b59aa0eaa60b5d) Importer(815301076,1909f56bfc062723c751e8b465ee728b)  -> (artifact id: '4d16ea6b2ffd86617a6b633a710a7f67') in 0.043797 seconds 
========================================================================
Received Import Request.
  Time since last request: 3.893085 seconds.
  path: Assets/Model/Animator Controller.controller
  artifactKey: Guid(b118f8ffa80d0a34f9b59aa0eaa60b5d) Importer(815301076,1909f56bfc062723c751e8b465ee728b)
Start importing Assets/Model/Animator Controller.controller using Guid(b118f8ffa80d0a34f9b59aa0eaa60b5d) Importer(815301076,1909f56bfc062723c751e8b465ee728b)  -> (artifact id: 'acd462bbe5dcc7ec00f89f1de71ce1e5') in 0.032918 seconds 
========================================================================
Received Import Request.
  Time since last request: 70.116377 seconds.
  path: Assets/Model/Animator Controller.controller
  artifactKey: Guid(b118f8ffa80d0a34f9b59aa0eaa60b5d) Importer(815301076,1909f56bfc062723c751e8b465ee728b)
Start importing Assets/Model/Animator Controller.controller using Guid(b118f8ffa80d0a34f9b59aa0eaa60b5d) Importer(815301076,1909f56bfc062723c751e8b465ee728b)  -> (artifact id: '2a353a6439ad83b60ba4b6bd67efa607') in 0.003993 seconds 
========================================================================
Received Import Request.
  Time since last request: 33.323870 seconds.
  path: Assets/Model/Animator Controller.controller
  artifactKey: Guid(b118f8ffa80d0a34f9b59aa0eaa60b5d) Importer(815301076,1909f56bfc062723c751e8b465ee728b)
Start importing Assets/Model/Animator Controller.controller using Guid(b118f8ffa80d0a34f9b59aa0eaa60b5d) Importer(815301076,1909f56bfc062723c751e8b465ee728b)  -> (artifact id: '91107b7e103cf8121386dd250735d34f') in 0.014806 seconds 
========================================================================
Received Import Request.
  Time since last request: 210.482886 seconds.
  path: Assets/Scripts/Controller/PlayerController.cs
  artifactKey: Guid(5767c55b95edcdb468e57a13a32114de) Importer(815301076,1909f56bfc062723c751e8b465ee728b)
Start importing Assets/Scripts/Controller/PlayerController.cs using Guid(5767c55b95edcdb468e57a13a32114de) Importer(815301076,1909f56bfc062723c751e8b465ee728b)  -> (artifact id: '84b76e8f3f91aca0e216596507f877f2') in 0.037562 seconds 
========================================================================
Received Prepare
Registering precompiled user dll's ...
Registered in 0.382806 seconds.
Begin MonoManager ReloadAssembly
Symbol file LoadedFromMemory doesn't match image D:\UnityGamedesign3\bombergame\Bomber_Client\Library\PackageCache\com.unity.visualscripting@1.6.1\Editor\VisualScripting.Core\Dependencies\YamlDotNet\Unity.VisualScripting.YamlDotNet.dll
Symbol file LoadedFromMemory doesn't match image D:\UnityGamedesign3\bombergame\Bomber_Client\Library\PackageCache\com.unity.visualscripting@1.6.1\Editor\VisualScripting.Core\Dependencies\DotNetZip\Unity.VisualScripting.IonicZip.dll
Native extension for WindowsStandalone target not found
Native extension for WebGL target not found
Refreshing native plugins compatible for Editor in 0.80 ms, found 3 plugins.
Preloading 0 native plugins for Editor in 0.00 ms.
Mono: successfully reloaded assembly
- Completed reload, in  1.969 seconds
Domain Reload Profiling:
	ReloadAssembly (1970ms)
		BeginReloadAssembly (264ms)
			ExecutionOrderSort (0ms)
			DisableScriptedObjects (7ms)
			BackupInstance (0ms)
			ReleaseScriptingObjects (0ms)
			CreateAndSetChildDomain (67ms)
		EndReloadAssembly (1584ms)
			LoadAssemblies (226ms)
			RebuildTransferFunctionScriptingTraits (0ms)
			SetupTypeCache (649ms)
			ReleaseScriptCaches (1ms)
			RebuildScriptCaches (76ms)
			SetupLoadedEditorAssemblies (508ms)
				LogAssemblyErrors (0ms)
				InitializePlatformSupportModulesInManaged (15ms)
				SetLoadedEditorAssemblies (1ms)
				RefreshPlugins (1ms)
				BeforeProcessingInitializeOnLoad (95ms)
				ProcessInitializeOnLoadAttributes (376ms)
				ProcessInitializeOnLoadMethodAttributes (7ms)
				AfterProcessingInitializeOnLoad (13ms)
				EditorAssembliesLoaded (0ms)
			ExecutionOrderSort2 (0ms)
			AwakeInstancesAfterBackupRestoration (12ms)
Platform modules already initialized, skipping
Refreshing native plugins compatible for Editor in 0.89 ms, found 3 plugins.
Preloading 0 native plugins for Editor in 0.00 ms.
Unloading 2994 Unused Serialized files (Serialized files now loaded: 0)
System memory in use before: 125.5 MB.
System memory in use after: 125.7 MB.

Unloading 18 unused Assets to reduce memory usage. Loaded Objects now: 3491.
Total: 5.139500 ms (FindLiveObjects: 0.336500 ms CreateObjectMapping: 0.283200 ms MarkObjects: 4.489000 ms  DeleteObjects: 0.029400 ms)

AssetImportParameters requested are different than current active one (requested -> active):
  custom:framework-win-MediaFoundation: 216162199b28c13a410421893ffa2e32 -> 
  custom:video-decoder-ogg-theora: a1e56fd34408186e4bbccfd4996cb3dc -> 
  custom:container-muxer-webm: aa71ff27fc2769a1b78a27578f13a17b -> 
  custom:container-demuxer-webm: 4f35f7cbe854078d1ac9338744f61a02 -> 
  custom:container-demuxer-ogg: 62fdf1f143b41e24485cea50d1cbac27 -> 
  custom:video-encoder-webm-vp8: eb34c28f22e8b96e1ab97ce403110664 -> 
  custom:video-decoder-webm-vp8: 9c59270c3fd7afecdb556c50c9e8de78 -> 
  custom:audio-decoder-ogg-vorbis: bf7c407c2cedff20999df2af8eb42d56 -> 
  custom:audio-encoder-webm-vorbis: bf7c407c2cedff20999df2af8eb42d56 -> 
========================================================================
Received Import Request.
  Time since last request: 105.899910 seconds.
  path: Assets/Scripts/Controller/PlayerController.cs
  artifactKey: Guid(5767c55b95edcdb468e57a13a32114de) Importer(815301076,1909f56bfc062723c751e8b465ee728b)
Start importing Assets/Scripts/Controller/PlayerController.cs using Guid(5767c55b95edcdb468e57a13a32114de) Importer(815301076,1909f56bfc062723c751e8b465ee728b)  -> (artifact id: '9b91bf193a4075fe1595914603afa801') in 0.007778 seconds 
========================================================================
Received Import Request.
  Time since last request: 20.337543 seconds.
  path: Assets/Prefaps/Player.prefab
  artifactKey: Guid(ed5b81fee417af6478afc368189d4c64) Importer(815301076,1909f56bfc062723c751e8b465ee728b)
Start importing Assets/Prefaps/Player.prefab using Guid(ed5b81fee417af6478afc368189d4c64) Importer(815301076,1909f56bfc062723c751e8b465ee728b)  -> (artifact id: '74232158f57fbfa1406e75b273e05af9') in 0.211613 seconds 
========================================================================
Received Import Request.
  Time since last request: 83.560381 seconds.
  path: Assets/Model/Animator Controller.controller
  artifactKey: Guid(b118f8ffa80d0a34f9b59aa0eaa60b5d) Importer(815301076,1909f56bfc062723c751e8b465ee728b)
Start importing Assets/Model/Animator Controller.controller using Guid(b118f8ffa80d0a34f9b59aa0eaa60b5d) Importer(815301076,1909f56bfc062723c751e8b465ee728b)  -> (artifact id: 'b25b44dec2ce1599bd9ee81c1d9d2acd') in 0.261711 seconds 
========================================================================
Received Prepare
Registering precompiled user dll's ...
Registered in 0.108250 seconds.
Begin MonoManager ReloadAssembly
Symbol file LoadedFromMemory doesn't match image D:\UnityGamedesign3\bombergame\Bomber_Client\Library\PackageCache\com.unity.visualscripting@1.6.1\Editor\VisualScripting.Core\Dependencies\YamlDotNet\Unity.VisualScripting.YamlDotNet.dll
Symbol file LoadedFromMemory doesn't match image D:\UnityGamedesign3\bombergame\Bomber_Client\Library\PackageCache\com.unity.visualscripting@1.6.1\Editor\VisualScripting.Core\Dependencies\DotNetZip\Unity.VisualScripting.IonicZip.dll
Native extension for WindowsStandalone target not found
Native extension for WebGL target not found
Refreshing native plugins compatible for Editor in 5.34 ms, found 3 plugins.
Preloading 0 native plugins for Editor in 0.00 ms.
Mono: successfully reloaded assembly
- Completed reload, in  8.416 seconds
Domain Reload Profiling:
	ReloadAssembly (8420ms)
		BeginReloadAssembly (1033ms)
			ExecutionOrderSort (0ms)
			DisableScriptedObjects (43ms)
			BackupInstance (0ms)
			ReleaseScriptingObjects (1ms)
			CreateAndSetChildDomain (314ms)
		EndReloadAssembly (7017ms)
			LoadAssemblies (791ms)
			RebuildTransferFunctionScriptingTraits (0ms)
			SetupTypeCache (2952ms)
			ReleaseScriptCaches (12ms)
			RebuildScriptCaches (344ms)
			SetupLoadedEditorAssemblies (2404ms)
				LogAssemblyErrors (0ms)
				InitializePlatformSupportModulesInManaged (81ms)
				SetLoadedEditorAssemblies (3ms)
				RefreshPlugins (6ms)
				BeforeProcessingInitializeOnLoad (384ms)
				ProcessInitializeOnLoadAttributes (1851ms)
				ProcessInitializeOnLoadMethodAttributes (33ms)
				AfterProcessingInitializeOnLoad (46ms)
				EditorAssembliesLoaded (1ms)
			ExecutionOrderSort2 (0ms)
			AwakeInstancesAfterBackupRestoration (67ms)
Platform modules already initialized, skipping
Refreshing native plugins compatible for Editor in 13.45 ms, found 3 plugins.
Preloading 0 native plugins for Editor in 0.00 ms.
Unloading 2994 Unused Serialized files (Serialized files now loaded: 0)
System memory in use before: 125.6 MB.
System memory in use after: 125.9 MB.

Unloading 19 unused Assets to reduce memory usage. Loaded Objects now: 3495.
Total: 19.835400 ms (FindLiveObjects: 3.873000 ms CreateObjectMapping: 0.972700 ms MarkObjects: 14.724900 ms  DeleteObjects: 0.262400 ms)

AssetImportParameters requested are different than current active one (requested -> active):
  custom:framework-win-MediaFoundation: 216162199b28c13a410421893ffa2e32 -> 
  custom:video-decoder-ogg-theora: a1e56fd34408186e4bbccfd4996cb3dc -> 
  custom:container-muxer-webm: aa71ff27fc2769a1b78a27578f13a17b -> 
  custom:container-demuxer-webm: 4f35f7cbe854078d1ac9338744f61a02 -> 
  custom:container-demuxer-ogg: 62fdf1f143b41e24485cea50d1cbac27 -> 
  custom:video-encoder-webm-vp8: eb34c28f22e8b96e1ab97ce403110664 -> 
  custom:video-decoder-webm-vp8: 9c59270c3fd7afecdb556c50c9e8de78 -> 
  custom:audio-decoder-ogg-vorbis: bf7c407c2cedff20999df2af8eb42d56 -> 
  custom:audio-encoder-webm-vorbis: bf7c407c2cedff20999df2af8eb42d56 -> 
========================================================================
Received Prepare
Registering precompiled user dll's ...
Registered in 0.022125 seconds.
Begin MonoManager ReloadAssembly
Symbol file LoadedFromMemory doesn't match image D:\UnityGamedesign3\bombergame\Bomber_Client\Library\PackageCache\com.unity.visualscripting@1.6.1\Editor\VisualScripting.Core\Dependencies\YamlDotNet\Unity.VisualScripting.YamlDotNet.dll
Symbol file LoadedFromMemory doesn't match image D:\UnityGamedesign3\bombergame\Bomber_Client\Library\PackageCache\com.unity.visualscripting@1.6.1\Editor\VisualScripting.Core\Dependencies\DotNetZip\Unity.VisualScripting.IonicZip.dll
Native extension for WindowsStandalone target not found
Native extension for WebGL target not found
Refreshing native plugins compatible for Editor in 1.55 ms, found 3 plugins.
Preloading 0 native plugins for Editor in 0.00 ms.
Mono: successfully reloaded assembly
- Completed reload, in  3.750 seconds
Domain Reload Profiling:
	ReloadAssembly (3751ms)
		BeginReloadAssembly (375ms)
			ExecutionOrderSort (0ms)
			DisableScriptedObjects (16ms)
			BackupInstance (0ms)
			ReleaseScriptingObjects (0ms)
			CreateAndSetChildDomain (124ms)
		EndReloadAssembly (3157ms)
			LoadAssemblies (426ms)
			RebuildTransferFunctionScriptingTraits (0ms)
			SetupTypeCache (1206ms)
			ReleaseScriptCaches (3ms)
			RebuildScriptCaches (133ms)
			SetupLoadedEditorAssemblies (1013ms)
				LogAssemblyErrors (0ms)
				InitializePlatformSupportModulesInManaged (43ms)
				SetLoadedEditorAssemblies (5ms)
				RefreshPlugins (2ms)
				BeforeProcessingInitializeOnLoad (207ms)
				ProcessInitializeOnLoadAttributes (719ms)
				ProcessInitializeOnLoadMethodAttributes (11ms)
				AfterProcessingInitializeOnLoad (26ms)
				EditorAssembliesLoaded (1ms)
			ExecutionOrderSort2 (0ms)
			AwakeInstancesAfterBackupRestoration (29ms)
Platform modules already initialized, skipping
Refreshing native plugins compatible for Editor in 1.29 ms, found 3 plugins.
Preloading 0 native plugins for Editor in 0.00 ms.
Unloading 2994 Unused Serialized files (Serialized files now loaded: 0)
System memory in use before: 125.6 MB.
System memory in use after: 125.9 MB.

Unloading 18 unused Assets to reduce memory usage. Loaded Objects now: 3497.
Total: 15.513000 ms (FindLiveObjects: 1.124500 ms CreateObjectMapping: 0.460700 ms MarkObjects: 13.879500 ms  DeleteObjects: 0.045000 ms)

AssetImportParameters requested are different than current active one (requested -> active):
  custom:framework-win-MediaFoundation: 216162199b28c13a410421893ffa2e32 -> 
  custom:video-decoder-ogg-theora: a1e56fd34408186e4bbccfd4996cb3dc -> 
  custom:container-muxer-webm: aa71ff27fc2769a1b78a27578f13a17b -> 
  custom:container-demuxer-webm: 4f35f7cbe854078d1ac9338744f61a02 -> 
  custom:container-demuxer-ogg: 62fdf1f143b41e24485cea50d1cbac27 -> 
  custom:video-encoder-webm-vp8: eb34c28f22e8b96e1ab97ce403110664 -> 
  custom:video-decoder-webm-vp8: 9c59270c3fd7afecdb556c50c9e8de78 -> 
  custom:audio-decoder-ogg-vorbis: bf7c407c2cedff20999df2af8eb42d56 -> 
  custom:audio-encoder-webm-vorbis: bf7c407c2cedff20999df2af8eb42d56 -> 
========================================================================
Received Prepare
Registering precompiled user dll's ...
Registered in 0.012953 seconds.
Begin MonoManager ReloadAssembly
Symbol file LoadedFromMemory doesn't match image D:\UnityGamedesign3\bombergame\Bomber_Client\Library\PackageCache\com.unity.visualscripting@1.6.1\Editor\VisualScripting.Core\Dependencies\YamlDotNet\Unity.VisualScripting.YamlDotNet.dll
Symbol file LoadedFromMemory doesn't match image D:\UnityGamedesign3\bombergame\Bomber_Client\Library\PackageCache\com.unity.visualscripting@1.6.1\Editor\VisualScripting.Core\Dependencies\DotNetZip\Unity.VisualScripting.IonicZip.dll
Native extension for WindowsStandalone target not found
Native extension for WebGL target not found
Refreshing native plugins compatible for Editor in 5.21 ms, found 3 plugins.
Preloading 0 native plugins for Editor in 0.00 ms.
Mono: successfully reloaded assembly
- Completed reload, in  3.020 seconds
Domain Reload Profiling:
	ReloadAssembly (3021ms)
		BeginReloadAssembly (390ms)
			ExecutionOrderSort (0ms)
			DisableScriptedObjects (13ms)
			BackupInstance (0ms)
			ReleaseScriptingObjects (0ms)
			CreateAndSetChildDomain (127ms)
		EndReloadAssembly (2458ms)
			LoadAssemblies (271ms)
			RebuildTransferFunctionScriptingTraits (0ms)
			SetupTypeCache (1036ms)
			ReleaseScriptCaches (3ms)
			RebuildScriptCaches (92ms)
			SetupLoadedEditorAssemblies (841ms)
				LogAssemblyErrors (0ms)
				InitializePlatformSupportModulesInManaged (15ms)
				SetLoadedEditorAssemblies (1ms)
				RefreshPlugins (6ms)
				BeforeProcessingInitializeOnLoad (150ms)
				ProcessInitializeOnLoadAttributes (644ms)
				ProcessInitializeOnLoadMethodAttributes (10ms)
				AfterProcessingInitializeOnLoad (15ms)
				EditorAssembliesLoaded (0ms)
			ExecutionOrderSort2 (0ms)
			AwakeInstancesAfterBackupRestoration (16ms)
Platform modules already initialized, skipping
Refreshing native plugins compatible for Editor in 1.00 ms, found 3 plugins.
Preloading 0 native plugins for Editor in 0.00 ms.
Unloading 2994 Unused Serialized files (Serialized files now loaded: 0)
System memory in use before: 125.7 MB.
System memory in use after: 125.9 MB.

Unloading 18 unused Assets to reduce memory usage. Loaded Objects now: 3499.
Total: 21.019600 ms (FindLiveObjects: 0.787700 ms CreateObjectMapping: 2.426300 ms MarkObjects: 17.735100 ms  DeleteObjects: 0.067000 ms)

AssetImportParameters requested are different than current active one (requested -> active):
  custom:framework-win-MediaFoundation: 216162199b28c13a410421893ffa2e32 -> 
  custom:video-decoder-ogg-theora: a1e56fd34408186e4bbccfd4996cb3dc -> 
  custom:container-muxer-webm: aa71ff27fc2769a1b78a27578f13a17b -> 
  custom:container-demuxer-webm: 4f35f7cbe854078d1ac9338744f61a02 -> 
  custom:container-demuxer-ogg: 62fdf1f143b41e24485cea50d1cbac27 -> 
  custom:video-encoder-webm-vp8: eb34c28f22e8b96e1ab97ce403110664 -> 
  custom:video-decoder-webm-vp8: 9c59270c3fd7afecdb556c50c9e8de78 -> 
  custom:audio-decoder-ogg-vorbis: bf7c407c2cedff20999df2af8eb42d56 -> 
  custom:audio-encoder-webm-vorbis: bf7c407c2cedff20999df2af8eb42d56 -> 
========================================================================
Received Import Request.
  Time since last request: 683.481777 seconds.
  path: Assets/Model/Animator Controller.controller
  artifactKey: Guid(b118f8ffa80d0a34f9b59aa0eaa60b5d) Importer(815301076,1909f56bfc062723c751e8b465ee728b)
Start importing Assets/Model/Animator Controller.controller using Guid(b118f8ffa80d0a34f9b59aa0eaa60b5d) Importer(815301076,1909f56bfc062723c751e8b465ee728b)  -> (artifact id: '4b0aea6baa87ecf4d392178f8f6e9fbc') in 0.224497 seconds 
========================================================================
Received Prepare
Registering precompiled user dll's ...
Registered in 0.020663 seconds.
Begin MonoManager ReloadAssembly
Symbol file LoadedFromMemory doesn't match image D:\UnityGamedesign3\bombergame\Bomber_Client\Library\PackageCache\com.unity.visualscripting@1.6.1\Editor\VisualScripting.Core\Dependencies\YamlDotNet\Unity.VisualScripting.YamlDotNet.dll
Symbol file LoadedFromMemory doesn't match image D:\UnityGamedesign3\bombergame\Bomber_Client\Library\PackageCache\com.unity.visualscripting@1.6.1\Editor\VisualScripting.Core\Dependencies\DotNetZip\Unity.VisualScripting.IonicZip.dll
Native extension for WindowsStandalone target not found
Native extension for WebGL target not found
Refreshing native plugins compatible for Editor in 2.84 ms, found 3 plugins.
Preloading 0 native plugins for Editor in 0.00 ms.
Mono: successfully reloaded assembly
- Completed reload, in  5.560 seconds
Domain Reload Profiling:
	ReloadAssembly (5561ms)
		BeginReloadAssembly (551ms)
			ExecutionOrderSort (0ms)
			DisableScriptedObjects (40ms)
			BackupInstance (0ms)
			ReleaseScriptingObjects (0ms)
			CreateAndSetChildDomain (159ms)
		EndReloadAssembly (4742ms)
			LoadAssemblies (467ms)
			RebuildTransferFunctionScriptingTraits (0ms)
			SetupTypeCache (2080ms)
			ReleaseScriptCaches (4ms)
			RebuildScriptCaches (281ms)
			SetupLoadedEditorAssemblies (1452ms)
				LogAssemblyErrors (0ms)
				InitializePlatformSupportModulesInManaged (46ms)
				SetLoadedEditorAssemblies (2ms)
				RefreshPlugins (3ms)
				BeforeProcessingInitializeOnLoad (302ms)
				ProcessInitializeOnLoadAttributes (1060ms)
				ProcessInitializeOnLoadMethodAttributes (15ms)
				AfterProcessingInitializeOnLoad (23ms)
				EditorAssembliesLoaded (1ms)
			ExecutionOrderSort2 (0ms)
			AwakeInstancesAfterBackupRestoration (28ms)
Platform modules already initialized, skipping
Refreshing native plugins compatible for Editor in 1.19 ms, found 3 plugins.
Preloading 0 native plugins for Editor in 0.00 ms.
Unloading 2994 Unused Serialized files (Serialized files now loaded: 0)
System memory in use before: 125.7 MB.
System memory in use after: 125.9 MB.

Unloading 18 unused Assets to reduce memory usage. Loaded Objects now: 3501.
Total: 9.948200 ms (FindLiveObjects: 0.554100 ms CreateObjectMapping: 0.275200 ms MarkObjects: 9.072100 ms  DeleteObjects: 0.044800 ms)

AssetImportParameters requested are different than current active one (requested -> active):
  custom:framework-win-MediaFoundation: 216162199b28c13a410421893ffa2e32 -> 
  custom:video-decoder-ogg-theora: a1e56fd34408186e4bbccfd4996cb3dc -> 
  custom:container-muxer-webm: aa71ff27fc2769a1b78a27578f13a17b -> 
  custom:container-demuxer-webm: 4f35f7cbe854078d1ac9338744f61a02 -> 
  custom:container-demuxer-ogg: 62fdf1f143b41e24485cea50d1cbac27 -> 
  custom:video-encoder-webm-vp8: eb34c28f22e8b96e1ab97ce403110664 -> 
  custom:video-decoder-webm-vp8: 9c59270c3fd7afecdb556c50c9e8de78 -> 
  custom:audio-decoder-ogg-vorbis: bf7c407c2cedff20999df2af8eb42d56 -> 
  custom:audio-encoder-webm-vorbis: bf7c407c2cedff20999df2af8eb42d56 -> 
========================================================================
Received Prepare
Registering precompiled user dll's ...
Registered in 0.020500 seconds.
Begin MonoManager ReloadAssembly
Symbol file LoadedFromMemory doesn't match image D:\UnityGamedesign3\bombergame\Bomber_Client\Library\PackageCache\com.unity.visualscripting@1.6.1\Editor\VisualScripting.Core\Dependencies\YamlDotNet\Unity.VisualScripting.YamlDotNet.dll
Symbol file LoadedFromMemory doesn't match image D:\UnityGamedesign3\bombergame\Bomber_Client\Library\PackageCache\com.unity.visualscripting@1.6.1\Editor\VisualScripting.Core\Dependencies\DotNetZip\Unity.VisualScripting.IonicZip.dll
Native extension for WindowsStandalone target not found
Native extension for WebGL target not found
Refreshing native plugins compatible for Editor in 1.56 ms, found 3 plugins.
Preloading 0 native plugins for Editor in 0.00 ms.
Mono: successfully reloaded assembly
- Completed reload, in  2.726 seconds
Domain Reload Profiling:
	ReloadAssembly (2727ms)
		BeginReloadAssembly (294ms)
			ExecutionOrderSort (0ms)
			DisableScriptedObjects (11ms)
			BackupInstance (0ms)
			ReleaseScriptingObjects (0ms)
			CreateAndSetChildDomain (74ms)
		EndReloadAssembly (2280ms)
			LoadAssemblies (275ms)
			RebuildTransferFunctionScriptingTraits (0ms)
			SetupTypeCache (908ms)
			ReleaseScriptCaches (3ms)
			RebuildScriptCaches (92ms)
			SetupLoadedEditorAssemblies (765ms)
				LogAssemblyErrors (0ms)
				InitializePlatformSupportModulesInManaged (16ms)
				SetLoadedEditorAssemblies (1ms)
				RefreshPlugins (2ms)
				BeforeProcessingInitializeOnLoad (136ms)
				ProcessInitializeOnLoadAttributes (587ms)
				ProcessInitializeOnLoadMethodAttributes (7ms)
				AfterProcessingInitializeOnLoad (16ms)
				EditorAssembliesLoaded (1ms)
			ExecutionOrderSort2 (0ms)
			AwakeInstancesAfterBackupRestoration (14ms)
Platform modules already initialized, skipping
Refreshing native plugins compatible for Editor in 3.88 ms, found 3 plugins.
Preloading 0 native plugins for Editor in 0.00 ms.
Unloading 2994 Unused Serialized files (Serialized files now loaded: 0)
System memory in use before: 125.7 MB.
System memory in use after: 125.9 MB.

Unloading 18 unused Assets to reduce memory usage. Loaded Objects now: 3503.
Total: 8.100400 ms (FindLiveObjects: 0.772400 ms CreateObjectMapping: 0.629800 ms MarkObjects: 6.663900 ms  DeleteObjects: 0.032200 ms)

AssetImportParameters requested are different than current active one (requested -> active):
  custom:framework-win-MediaFoundation: 216162199b28c13a410421893ffa2e32 -> 
  custom:video-decoder-ogg-theora: a1e56fd34408186e4bbccfd4996cb3dc -> 
  custom:container-muxer-webm: aa71ff27fc2769a1b78a27578f13a17b -> 
  custom:container-demuxer-webm: 4f35f7cbe854078d1ac9338744f61a02 -> 
  custom:container-demuxer-ogg: 62fdf1f143b41e24485cea50d1cbac27 -> 
  custom:video-encoder-webm-vp8: eb34c28f22e8b96e1ab97ce403110664 -> 
  custom:video-decoder-webm-vp8: 9c59270c3fd7afecdb556c50c9e8de78 -> 
  custom:audio-decoder-ogg-vorbis: bf7c407c2cedff20999df2af8eb42d56 -> 
  custom:audio-encoder-webm-vorbis: bf7c407c2cedff20999df2af8eb42d56 -> 
========================================================================
Received Import Request.
  Time since last request: 215.470280 seconds.
  path: Assets/Model/Animator Controller.controller
  artifactKey: Guid(b118f8ffa80d0a34f9b59aa0eaa60b5d) Importer(815301076,1909f56bfc062723c751e8b465ee728b)
Start importing Assets/Model/Animator Controller.controller using Guid(b118f8ffa80d0a34f9b59aa0eaa60b5d) Importer(815301076,1909f56bfc062723c751e8b465ee728b)  -> (artifact id: '5bb71beefc4e108db294561d7b8d093b') in 0.085920 seconds 
========================================================================
Received Import Request.
  Time since last request: 46.018276 seconds.
  path: Assets/Model/Death.anim
  artifactKey: Guid(dfeb2f8737c4830459d64decae09ad0b) Importer(815301076,1909f56bfc062723c751e8b465ee728b)
Start importing Assets/Model/Death.anim using Guid(dfeb2f8737c4830459d64decae09ad0b) Importer(815301076,1909f56bfc062723c751e8b465ee728b)  -> (artifact id: '950ac8a1a55de0a34464eaba8156e240') in 0.010306 seconds 
========================================================================
Received Import Request.
  Time since last request: 45.534348 seconds.
  path: Assets/Prefaps/Player.prefab
  artifactKey: Guid(ed5b81fee417af6478afc368189d4c64) Importer(815301076,1909f56bfc062723c751e8b465ee728b)
Start importing Assets/Prefaps/Player.prefab using Guid(ed5b81fee417af6478afc368189d4c64) Importer(815301076,1909f56bfc062723c751e8b465ee728b)  -> (artifact id: '49c4298354204c32c6bf737a40a5d356') in 0.232012 seconds 
========================================================================
Received Import Request.
  Time since last request: 304.257633 seconds.
  path: Assets/model@Standing React Death Backward.fbx
  artifactKey: Guid(712143db03848d14daaa94b00c6247dd) Importer(815301076,1909f56bfc062723c751e8b465ee728b)
Start importing Assets/model@Standing React Death Backward.fbx using Guid(712143db03848d14daaa94b00c6247dd) Importer(815301076,1909f56bfc062723c751e8b465ee728b)  -> (artifact id: 'a0cf20a451d2f62120f7bc76edb6d530') in 0.215285 seconds 
========================================================================
Received Import Request.
  Time since last request: 0.000270 seconds.
  path: Assets/model@Idle.fbx
  artifactKey: Guid(6960863bcd449d041a34174e043870c7) Importer(815301076,1909f56bfc062723c751e8b465ee728b)
Start importing Assets/model@Idle.fbx using Guid(6960863bcd449d041a34174e043870c7) Importer(815301076,1909f56bfc062723c751e8b465ee728b)  -> (artifact id: '4f21db9d7aac76aaaf6a02519061952a') in 0.111388 seconds 
========================================================================
Received Import Request.
  Time since last request: 0.000393 seconds.
  path: Assets/Model.fbx
  artifactKey: Guid(fda98b84a7cab064e9555bee71201208) Importer(815301076,1909f56bfc062723c751e8b465ee728b)
Start importing Assets/Model.fbx using Guid(fda98b84a7cab064e9555bee71201208) Importer(815301076,1909f56bfc062723c751e8b465ee728b)  -> (artifact id: 'fdb71c9df61d539a29494bec1892775f') in 0.082915 seconds 
========================================================================
Received Import Request.
  Time since last request: 155.329413 seconds.
  path: Assets/Model/Model.fbx
  artifactKey: Guid(1df5cf502987ec74b904c0522e0cb74e) Importer(815301076,1909f56bfc062723c751e8b465ee728b)
Start importing Assets/Model/Model.fbx using Guid(1df5cf502987ec74b904c0522e0cb74e) Importer(815301076,1909f56bfc062723c751e8b465ee728b)  -> (artifact id: 'cab36b7f9bb13b096013c5fd8e8976d1') in 0.114392 seconds 
========================================================================
Received Import Request.
  Time since last request: 46.140495 seconds.
  path: Assets/Model/Model.fbx
  artifactKey: Guid(1df5cf502987ec74b904c0522e0cb74e) Importer(815301076,1909f56bfc062723c751e8b465ee728b)
Start importing Assets/Model/Model.fbx using Guid(1df5cf502987ec74b904c0522e0cb74e) Importer(815301076,1909f56bfc062723c751e8b465ee728b)  -> (artifact id: '384a8b6799ede74d841b17dd0b0f5ba1') in 0.081813 seconds 
========================================================================
Received Import Request.
  Time since last request: 11.229794 seconds.
  path: Assets/Model/mixamo.com.anim
  artifactKey: Guid(6ce3818fc43d4ad4c996a2f54e817d72) Importer(815301076,1909f56bfc062723c751e8b465ee728b)
Start importing Assets/Model/mixamo.com.anim using Guid(6ce3818fc43d4ad4c996a2f54e817d72) Importer(815301076,1909f56bfc062723c751e8b465ee728b)  -> (artifact id: 'df2fbc114b36aead635540fe6c53d231') in 0.149677 seconds 
========================================================================
Received Import Request.
  Time since last request: 6.035730 seconds.
  path: Assets/Model/Run.anim
  artifactKey: Guid(6ce3818fc43d4ad4c996a2f54e817d72) Importer(815301076,1909f56bfc062723c751e8b465ee728b)
Start importing Assets/Model/Run.anim using Guid(6ce3818fc43d4ad4c996a2f54e817d72) Importer(815301076,1909f56bfc062723c751e8b465ee728b)  -> (artifact id: '071a9636b736e02186346c1deb43ac06') in 0.027800 seconds 
========================================================================
Received Import Request.
  Time since last request: 13.419557 seconds.
  path: Assets/Model/mixamo.com.anim
  artifactKey: Guid(6178fed1eb370aa4e9491ab0e88231cb) Importer(815301076,1909f56bfc062723c751e8b465ee728b)
Start importing Assets/Model/mixamo.com.anim using Guid(6178fed1eb370aa4e9491ab0e88231cb) Importer(815301076,1909f56bfc062723c751e8b465ee728b)  -> (artifact id: '50d05d1d0f1fab100a0a65747ab32a5a') in 0.030922 seconds 
========================================================================
Received Import Request.
  Time since last request: 3.433659 seconds.
  path: Assets/Model/Idel.anim
  artifactKey: Guid(6178fed1eb370aa4e9491ab0e88231cb) Importer(815301076,1909f56bfc062723c751e8b465ee728b)
Start importing Assets/Model/Idel.anim using Guid(6178fed1eb370aa4e9491ab0e88231cb) Importer(815301076,1909f56bfc062723c751e8b465ee728b)  -> (artifact id: '7e125f767de30e7c1ac86a452cf3ba06') in 0.022896 seconds 
========================================================================
Received Import Request.
  Time since last request: 4.070061 seconds.
  path: Assets/Model/Idle.anim
  artifactKey: Guid(6178fed1eb370aa4e9491ab0e88231cb) Importer(815301076,1909f56bfc062723c751e8b465ee728b)
Start importing Assets/Model/Idle.anim using Guid(6178fed1eb370aa4e9491ab0e88231cb) Importer(815301076,1909f56bfc062723c751e8b465ee728b)  -> (artifact id: 'f922d93db97a61a0e26fd6c978b8b34c') in 0.013118 seconds 
========================================================================
Received Import Request.
  Time since last request: 20.678646 seconds.
  path: Assets/Model/mixamo.com.anim
  artifactKey: Guid(7761f62c801769f40a126f37f4b04e92) Importer(815301076,1909f56bfc062723c751e8b465ee728b)
Start importing Assets/Model/mixamo.com.anim using Guid(7761f62c801769f40a126f37f4b04e92) Importer(815301076,1909f56bfc062723c751e8b465ee728b)  -> (artifact id: 'b658df89d7221da696173d57457c36b2') in 0.067008 seconds 
========================================================================
Received Import Request.
  Time since last request: 4.542669 seconds.
  path: Assets/Model/Death.anim
  artifactKey: Guid(7761f62c801769f40a126f37f4b04e92) Importer(815301076,1909f56bfc062723c751e8b465ee728b)
Start importing Assets/Model/Death.anim using Guid(7761f62c801769f40a126f37f4b04e92) Importer(815301076,1909f56bfc062723c751e8b465ee728b)  -> (artifact id: 'cb9e92c8e6c9883f3abd2458e99e7de7') in 0.073990 seconds 
========================================================================
Received Import Request.
  Time since last request: 63.479195 seconds.
  path: Assets/Model/Animator Controller.controller
  artifactKey: Guid(b118f8ffa80d0a34f9b59aa0eaa60b5d) Importer(815301076,1909f56bfc062723c751e8b465ee728b)
Start importing Assets/Model/Animator Controller.controller using Guid(b118f8ffa80d0a34f9b59aa0eaa60b5d) Importer(815301076,1909f56bfc062723c751e8b465ee728b)  -> (artifact id: '91ca8ea5e7146867aa5b143c7149ecb5') in 0.085204 seconds 
========================================================================
Received Import Request.
  Time since last request: 2.656764 seconds.
  path: Assets/Model/Animator Controller.controller
  artifactKey: Guid(b118f8ffa80d0a34f9b59aa0eaa60b5d) Importer(815301076,1909f56bfc062723c751e8b465ee728b)
Start importing Assets/Model/Animator Controller.controller using Guid(b118f8ffa80d0a34f9b59aa0eaa60b5d) Importer(815301076,1909f56bfc062723c751e8b465ee728b)  -> (artifact id: 'df28b1037c4a689bd95d791c24966324') in 0.070120 seconds 
========================================================================
Received Prepare
Registering precompiled user dll's ...
Registered in 0.009945 seconds.
Begin MonoManager ReloadAssembly
Symbol file LoadedFromMemory doesn't match image D:\UnityGamedesign3\bombergame\Bomber_Client\Library\PackageCache\com.unity.visualscripting@1.6.1\Editor\VisualScripting.Core\Dependencies\YamlDotNet\Unity.VisualScripting.YamlDotNet.dll
Symbol file LoadedFromMemory doesn't match image D:\UnityGamedesign3\bombergame\Bomber_Client\Library\PackageCache\com.unity.visualscripting@1.6.1\Editor\VisualScripting.Core\Dependencies\DotNetZip\Unity.VisualScripting.IonicZip.dll
Native extension for WindowsStandalone target not found
Native extension for WebGL target not found
Refreshing native plugins compatible for Editor in 0.84 ms, found 3 plugins.
Preloading 0 native plugins for Editor in 0.00 ms.
Mono: successfully reloaded assembly
- Completed reload, in  2.246 seconds
Domain Reload Profiling:
	ReloadAssembly (2247ms)
		BeginReloadAssembly (225ms)
			ExecutionOrderSort (0ms)
			DisableScriptedObjects (9ms)
			BackupInstance (0ms)
			ReleaseScriptingObjects (0ms)
			CreateAndSetChildDomain (75ms)
		EndReloadAssembly (1895ms)
			LoadAssemblies (218ms)
			RebuildTransferFunctionScriptingTraits (0ms)
			SetupTypeCache (797ms)
			ReleaseScriptCaches (3ms)
			RebuildScriptCaches (81ms)
			SetupLoadedEditorAssemblies (590ms)
				LogAssemblyErrors (0ms)
				InitializePlatformSupportModulesInManaged (12ms)
				SetLoadedEditorAssemblies (1ms)
				RefreshPlugins (1ms)
				BeforeProcessingInitializeOnLoad (127ms)
				ProcessInitializeOnLoadAttributes (423ms)
				ProcessInitializeOnLoadMethodAttributes (11ms)
				AfterProcessingInitializeOnLoad (15ms)
				EditorAssembliesLoaded (0ms)
			ExecutionOrderSort2 (0ms)
			AwakeInstancesAfterBackupRestoration (14ms)
Platform modules already initialized, skipping
Refreshing native plugins compatible for Editor in 0.88 ms, found 3 plugins.
Preloading 0 native plugins for Editor in 0.00 ms.
Unloading 2994 Unused Serialized files (Serialized files now loaded: 0)
System memory in use before: 126.2 MB.
System memory in use after: 126.5 MB.

Unloading 18 unused Assets to reduce memory usage. Loaded Objects now: 3506.
Total: 10.169700 ms (FindLiveObjects: 1.823800 ms CreateObjectMapping: 0.448000 ms MarkObjects: 7.851300 ms  DeleteObjects: 0.044200 ms)

AssetImportParameters requested are different than current active one (requested -> active):
  custom:framework-win-MediaFoundation: 216162199b28c13a410421893ffa2e32 -> 
  custom:video-decoder-ogg-theora: a1e56fd34408186e4bbccfd4996cb3dc -> 
  custom:container-muxer-webm: aa71ff27fc2769a1b78a27578f13a17b -> 
  custom:container-demuxer-webm: 4f35f7cbe854078d1ac9338744f61a02 -> 
  custom:container-demuxer-ogg: 62fdf1f143b41e24485cea50d1cbac27 -> 
  custom:video-encoder-webm-vp8: eb34c28f22e8b96e1ab97ce403110664 -> 
  custom:video-decoder-webm-vp8: 9c59270c3fd7afecdb556c50c9e8de78 -> 
  custom:audio-decoder-ogg-vorbis: bf7c407c2cedff20999df2af8eb42d56 -> 
  custom:audio-encoder-webm-vorbis: bf7c407c2cedff20999df2af8eb42d56 -> 
========================================================================
Received Import Request.
  Time since last request: 135.236626 seconds.
  path: Assets/Model/Animator Controller.controller
  artifactKey: Guid(b118f8ffa80d0a34f9b59aa0eaa60b5d) Importer(815301076,1909f56bfc062723c751e8b465ee728b)
Start importing Assets/Model/Animator Controller.controller using Guid(b118f8ffa80d0a34f9b59aa0eaa60b5d) Importer(815301076,1909f56bfc062723c751e8b465ee728b)  -> (artifact id: 'bc73b396b5028c3c4b25885747e9ec96') in 0.114737 seconds 
========================================================================
Received Import Request.
  Time since last request: 19.559783 seconds.
  path: Assets/Model/Run.anim
  artifactKey: Guid(6ce3818fc43d4ad4c996a2f54e817d72) Importer(815301076,1909f56bfc062723c751e8b465ee728b)
Start importing Assets/Model/Run.anim using Guid(6ce3818fc43d4ad4c996a2f54e817d72) Importer(815301076,1909f56bfc062723c751e8b465ee728b)  -> (artifact id: 'f695ce771bc1561cfa527c42149949e2') in 0.021788 seconds 
========================================================================
Received Prepare
Registering precompiled user dll's ...
Registered in 0.018581 seconds.
Begin MonoManager ReloadAssembly
Symbol file LoadedFromMemory doesn't match image D:\UnityGamedesign3\bombergame\Bomber_Client\Library\PackageCache\com.unity.visualscripting@1.6.1\Editor\VisualScripting.Core\Dependencies\YamlDotNet\Unity.VisualScripting.YamlDotNet.dll
Symbol file LoadedFromMemory doesn't match image D:\UnityGamedesign3\bombergame\Bomber_Client\Library\PackageCache\com.unity.visualscripting@1.6.1\Editor\VisualScripting.Core\Dependencies\DotNetZip\Unity.VisualScripting.IonicZip.dll
Native extension for WindowsStandalone target not found
Native extension for WebGL target not found
Refreshing native plugins compatible for Editor in 1.40 ms, found 3 plugins.
Preloading 0 native plugins for Editor in 0.00 ms.
Mono: successfully reloaded assembly
- Completed reload, in  3.833 seconds
Domain Reload Profiling:
	ReloadAssembly (3834ms)
		BeginReloadAssembly (484ms)
			ExecutionOrderSort (0ms)
			DisableScriptedObjects (15ms)
			BackupInstance (0ms)
			ReleaseScriptingObjects (0ms)
			CreateAndSetChildDomain (148ms)
		EndReloadAssembly (3143ms)
			LoadAssemblies (419ms)
			RebuildTransferFunctionScriptingTraits (0ms)
			SetupTypeCache (1295ms)
			ReleaseScriptCaches (4ms)
			RebuildScriptCaches (183ms)
			SetupLoadedEditorAssemblies (1010ms)
				LogAssemblyErrors (0ms)
				InitializePlatformSupportModulesInManaged (23ms)
				SetLoadedEditorAssemblies (1ms)
				RefreshPlugins (2ms)
				BeforeProcessingInitializeOnLoad (177ms)
				ProcessInitializeOnLoadAttributes (756ms)
				ProcessInitializeOnLoadMethodAttributes (14ms)
				AfterProcessingInitializeOnLoad (36ms)
				EditorAssembliesLoaded (1ms)
			ExecutionOrderSort2 (0ms)
			AwakeInstancesAfterBackupRestoration (27ms)
Platform modules already initialized, skipping
Refreshing native plugins compatible for Editor in 1.71 ms, found 3 plugins.
Preloading 0 native plugins for Editor in 0.00 ms.
Unloading 2994 Unused Serialized files (Serialized files now loaded: 0)
System memory in use before: 126.2 MB.
System memory in use after: 126.5 MB.

Unloading 18 unused Assets to reduce memory usage. Loaded Objects now: 3508.
Total: 15.062300 ms (FindLiveObjects: 0.703900 ms CreateObjectMapping: 0.432800 ms MarkObjects: 13.883500 ms  DeleteObjects: 0.039700 ms)

AssetImportParameters requested are different than current active one (requested -> active):
  custom:framework-win-MediaFoundation: 216162199b28c13a410421893ffa2e32 -> 
  custom:video-decoder-ogg-theora: a1e56fd34408186e4bbccfd4996cb3dc -> 
  custom:container-muxer-webm: aa71ff27fc2769a1b78a27578f13a17b -> 
  custom:container-demuxer-webm: 4f35f7cbe854078d1ac9338744f61a02 -> 
  custom:container-demuxer-ogg: 62fdf1f143b41e24485cea50d1cbac27 -> 
  custom:video-encoder-webm-vp8: eb34c28f22e8b96e1ab97ce403110664 -> 
  custom:video-decoder-webm-vp8: 9c59270c3fd7afecdb556c50c9e8de78 -> 
  custom:audio-decoder-ogg-vorbis: bf7c407c2cedff20999df2af8eb42d56 -> 
  custom:audio-encoder-webm-vorbis: bf7c407c2cedff20999df2af8eb42d56 -> 
========================================================================
Received Prepare
Registering precompiled user dll's ...
Registered in 0.007663 seconds.
Begin MonoManager ReloadAssembly
Symbol file LoadedFromMemory doesn't match image D:\UnityGamedesign3\bombergame\Bomber_Client\Library\PackageCache\com.unity.visualscripting@1.6.1\Editor\VisualScripting.Core\Dependencies\YamlDotNet\Unity.VisualScripting.YamlDotNet.dll
Symbol file LoadedFromMemory doesn't match image D:\UnityGamedesign3\bombergame\Bomber_Client\Library\PackageCache\com.unity.visualscripting@1.6.1\Editor\VisualScripting.Core\Dependencies\DotNetZip\Unity.VisualScripting.IonicZip.dll
Native extension for WindowsStandalone target not found
Native extension for WebGL target not found
Refreshing native plugins compatible for Editor in 0.80 ms, found 3 plugins.
Preloading 0 native plugins for Editor in 0.00 ms.
Mono: successfully reloaded assembly
- Completed reload, in  2.023 seconds
Domain Reload Profiling:
	ReloadAssembly (2024ms)
		BeginReloadAssembly (217ms)
			ExecutionOrderSort (0ms)
			DisableScriptedObjects (12ms)
			BackupInstance (0ms)
			ReleaseScriptingObjects (0ms)
			CreateAndSetChildDomain (60ms)
		EndReloadAssembly (1684ms)
			LoadAssemblies (189ms)
			RebuildTransferFunctionScriptingTraits (0ms)
			SetupTypeCache (692ms)
			ReleaseScriptCaches (2ms)
			RebuildScriptCaches (79ms)
			SetupLoadedEditorAssemblies (554ms)
				LogAssemblyErrors (0ms)
				InitializePlatformSupportModulesInManaged (13ms)
				SetLoadedEditorAssemblies (1ms)
				RefreshPlugins (1ms)
				BeforeProcessingInitializeOnLoad (94ms)
				ProcessInitializeOnLoadAttributes (414ms)
				ProcessInitializeOnLoadMethodAttributes (12ms)
				AfterProcessingInitializeOnLoad (19ms)
				EditorAssembliesLoaded (1ms)
			ExecutionOrderSort2 (0ms)
			AwakeInstancesAfterBackupRestoration (13ms)
Platform modules already initialized, skipping
Refreshing native plugins compatible for Editor in 1.04 ms, found 3 plugins.
Preloading 0 native plugins for Editor in 0.00 ms.
Unloading 2994 Unused Serialized files (Serialized files now loaded: 0)
System memory in use before: 126.2 MB.
System memory in use after: 126.5 MB.

Unloading 18 unused Assets to reduce memory usage. Loaded Objects now: 3510.
Total: 4.882600 ms (FindLiveObjects: 0.322300 ms CreateObjectMapping: 0.220800 ms MarkObjects: 4.311300 ms  DeleteObjects: 0.026600 ms)

AssetImportParameters requested are different than current active one (requested -> active):
  custom:framework-win-MediaFoundation: 216162199b28c13a410421893ffa2e32 -> 
  custom:video-decoder-ogg-theora: a1e56fd34408186e4bbccfd4996cb3dc -> 
  custom:container-muxer-webm: aa71ff27fc2769a1b78a27578f13a17b -> 
  custom:container-demuxer-webm: 4f35f7cbe854078d1ac9338744f61a02 -> 
  custom:container-demuxer-ogg: 62fdf1f143b41e24485cea50d1cbac27 -> 
  custom:video-encoder-webm-vp8: eb34c28f22e8b96e1ab97ce403110664 -> 
  custom:video-decoder-webm-vp8: 9c59270c3fd7afecdb556c50c9e8de78 -> 
  custom:audio-decoder-ogg-vorbis: bf7c407c2cedff20999df2af8eb42d56 -> 
  custom:audio-encoder-webm-vorbis: bf7c407c2cedff20999df2af8eb42d56 -> 
========================================================================
Received Import Request.
  Time since last request: 1571.423731 seconds.
  path: Assets/Prefaps/Player.prefab
  artifactKey: Guid(ed5b81fee417af6478afc368189d4c64) Importer(815301076,1909f56bfc062723c751e8b465ee728b)
Start importing Assets/Prefaps/Player.prefab using Guid(ed5b81fee417af6478afc368189d4c64) Importer(815301076,1909f56bfc062723c751e8b465ee728b)  -> (artifact id: '48cc2d9c686b5605c458118deab32a9f') in 0.713717 seconds 
========================================================================
Received Import Request.
  Time since last request: 1866.137790 seconds.
  path: Assets/Model/Idle.anim
  artifactKey: Guid(6178fed1eb370aa4e9491ab0e88231cb) Importer(815301076,1909f56bfc062723c751e8b465ee728b)
Start importing Assets/Model/Idle.anim using Guid(6178fed1eb370aa4e9491ab0e88231cb) Importer(815301076,1909f56bfc062723c751e8b465ee728b)  -> (artifact id: '4c47d098058d9ce1a4adbb3af430dc52') in 0.246745 seconds 
========================================================================
Received Import Request.
  Time since last request: 6.797928 seconds.
  path: Assets/Model/Animator Controller.controller
  artifactKey: Guid(b118f8ffa80d0a34f9b59aa0eaa60b5d) Importer(815301076,1909f56bfc062723c751e8b465ee728b)
Start importing Assets/Model/Animator Controller.controller using Guid(b118f8ffa80d0a34f9b59aa0eaa60b5d) Importer(815301076,1909f56bfc062723c751e8b465ee728b)  -> (artifact id: 'c90269ea6af65f1e1be30b035aeb8400') in 0.347843 seconds 
