Using pre-set license
Built from '2021.1/staging' branch; Version is '2021.1.21f1 (f2d5d3c59f8c) revision 15914451'; Using compiler version '192528614'; Build Type 'Release'
OS: 'Windows 10 Home Single Language; OS build 19043.1237; Version 2009; 64bit' Language: 'en' Physical Memory: 8034 MB
BatchMode: 1, IsHumanControllingUs: 0, StartBugReporterOnCrash: 0, Is64bit: 1, IsPro: 0

COMMAND LINE ARGUMENTS:
C:\Program Files\Unity\Hub\Editor\2021.1.21f1\Editor\Unity.exe
-adb2
-batchMode
-noUpm
-name
AssetImportWorker1
-projectPath
D:/UnityGamedesign3/bombergame/Bomber_Client
-logFile
Logs/AssetImportWorker1.log
-srvPort
51816
Successfully changed project path to: D:/UnityGamedesign3/bombergame/Bomber_Client
D:/UnityGamedesign3/bombergame/Bomber_Client
Using Asset Import Pipeline V2.
Refreshing native plugins compatible for Editor in 178.01 ms, found 3 plugins.
Preloading 0 native plugins for Editor in 0.00 ms.
Initialize engine version: 2021.1.21f1 (f2d5d3c59f8c)
[Subsystems] Discovering subsystems at path C:/Program Files/Unity/Hub/Editor/2021.1.21f1/Editor/Data/Resources/UnitySubsystems
[Subsystems] Discovering subsystems at path D:/UnityGamedesign3/bombergame/Bomber_Client/Assets
GfxDevice: creating device client; threaded=0; jobified=0
Direct3D:
    Version:  Direct3D 11.0 [level 11.1]
    Renderer: NVIDIA GeForce GTX 1060 (ID=0x1c20)
    Vendor:   NVIDIA
    VRAM:     6052 MB
    Driver:   30.0.14.7168
Initialize mono
Mono path[0] = 'C:/Program Files/Unity/Hub/Editor/2021.1.21f1/Editor/Data/Managed'
Mono path[1] = 'C:/Program Files/Unity/Hub/Editor/2021.1.21f1/Editor/Data/MonoBleedingEdge/lib/mono/unityjit'
Mono config path = 'C:/Program Files/Unity/Hub/Editor/2021.1.21f1/Editor/Data/MonoBleedingEdge/etc'
Using monoOptions --debugger-agent=transport=dt_socket,embedding=1,server=y,suspend=n,address=127.0.0.1:56640
Begin MonoManager ReloadAssembly
Registering precompiled unity dll's ...
Register platform support module: C:/Program Files/Unity/Hub/Editor/2021.1.21f1/Editor/Data/PlaybackEngines/WebGLSupport/UnityEditor.WebGL.Extensions.dll
Register platform support module: C:/Program Files/Unity/Hub/Editor/2021.1.21f1/Editor/Data/PlaybackEngines/WindowsStandaloneSupport/UnityEditor.WindowsStandalone.Extensions.dll
Registered in 0.005078 seconds.
Native extension for WindowsStandalone target not found
Native extension for WebGL target not found
Refreshing native plugins compatible for Editor in 142.53 ms, found 3 plugins.
Preloading 0 native plugins for Editor in 0.00 ms.
Mono: successfully reloaded assembly
- Completed reload, in  2.744 seconds
Domain Reload Profiling:
	ReloadAssembly (2744ms)
		BeginReloadAssembly (133ms)
			ExecutionOrderSort (0ms)
			DisableScriptedObjects (0ms)
			BackupInstance (0ms)
			ReleaseScriptingObjects (0ms)
			CreateAndSetChildDomain (2ms)
		EndReloadAssembly (908ms)
			LoadAssemblies (129ms)
			RebuildTransferFunctionScriptingTraits (0ms)
			SetupTypeCache (355ms)
			ReleaseScriptCaches (0ms)
			RebuildScriptCaches (53ms)
			SetupLoadedEditorAssemblies (391ms)
				LogAssemblyErrors (0ms)
				InitializePlatformSupportModulesInManaged (12ms)
				SetLoadedEditorAssemblies (0ms)
				RefreshPlugins (143ms)
				BeforeProcessingInitializeOnLoad (2ms)
				ProcessInitializeOnLoadAttributes (173ms)
				ProcessInitializeOnLoadMethodAttributes (60ms)
				AfterProcessingInitializeOnLoad (0ms)
				EditorAssembliesLoaded (1ms)
			ExecutionOrderSort2 (0ms)
			AwakeInstancesAfterBackupRestoration (0ms)
Platform modules already initialized, skipping
Registering precompiled user dll's ...
Registered in 0.008438 seconds.
Begin MonoManager ReloadAssembly
Symbol file LoadedFromMemory doesn't match image D:\UnityGamedesign3\bombergame\Bomber_Client\Library\PackageCache\com.unity.visualscripting@1.6.1\Editor\VisualScripting.Core\Dependencies\YamlDotNet\Unity.VisualScripting.YamlDotNet.dll
Symbol file LoadedFromMemory doesn't match image D:\UnityGamedesign3\bombergame\Bomber_Client\Library\PackageCache\com.unity.visualscripting@1.6.1\Editor\VisualScripting.Core\Dependencies\DotNetZip\Unity.VisualScripting.IonicZip.dll
Native extension for WindowsStandalone target not found
Native extension for WebGL target not found
Refreshing native plugins compatible for Editor in 0.80 ms, found 3 plugins.
Preloading 0 native plugins for Editor in 0.00 ms.
Mono: successfully reloaded assembly
- Completed reload, in  2.859 seconds
Domain Reload Profiling:
	ReloadAssembly (2860ms)
		BeginReloadAssembly (314ms)
			ExecutionOrderSort (0ms)
			DisableScriptedObjects (9ms)
			BackupInstance (0ms)
			ReleaseScriptingObjects (0ms)
			CreateAndSetChildDomain (33ms)
		EndReloadAssembly (2419ms)
			LoadAssemblies (680ms)
			RebuildTransferFunctionScriptingTraits (0ms)
			SetupTypeCache (751ms)
			ReleaseScriptCaches (1ms)
			RebuildScriptCaches (113ms)
			SetupLoadedEditorAssemblies (697ms)
				LogAssemblyErrors (0ms)
				InitializePlatformSupportModulesInManaged (10ms)
				SetLoadedEditorAssemblies (1ms)
				RefreshPlugins (1ms)
				BeforeProcessingInitializeOnLoad (112ms)
				ProcessInitializeOnLoadAttributes (542ms)
				ProcessInitializeOnLoadMethodAttributes (15ms)
				AfterProcessingInitializeOnLoad (16ms)
				EditorAssembliesLoaded (0ms)
			ExecutionOrderSort2 (0ms)
			AwakeInstancesAfterBackupRestoration (12ms)
Platform modules already initialized, skipping
========================================================================
Worker process is ready to serve import requests
Launched and connected shader compiler UnityShaderCompiler.exe after 0.36 seconds
Refreshing native plugins compatible for Editor in 1.50 ms, found 3 plugins.
Preloading 0 native plugins for Editor in 0.00 ms.
Unloading 3000 Unused Serialized files (Serialized files now loaded: 0)
System memory in use before: 107.4 MB.
System memory in use after: 107.6 MB.

Unloading 23 unused Assets to reduce memory usage. Loaded Objects now: 3444.
Total: 6.441100 ms (FindLiveObjects: 0.924400 ms CreateObjectMapping: 0.402200 ms MarkObjects: 5.010800 ms  DeleteObjects: 0.101700 ms)

AssetImportParameters requested are different than current active one (requested -> active):
  custom:framework-win-MediaFoundation: 216162199b28c13a410421893ffa2e32 -> 
  custom:video-decoder-ogg-theora: a1e56fd34408186e4bbccfd4996cb3dc -> 
  custom:container-muxer-webm: aa71ff27fc2769a1b78a27578f13a17b -> 
  custom:container-demuxer-webm: 4f35f7cbe854078d1ac9338744f61a02 -> 
  custom:container-demuxer-ogg: 62fdf1f143b41e24485cea50d1cbac27 -> 
  custom:video-encoder-webm-vp8: eb34c28f22e8b96e1ab97ce403110664 -> 
  custom:video-decoder-webm-vp8: 9c59270c3fd7afecdb556c50c9e8de78 -> 
  custom:audio-decoder-ogg-vorbis: bf7c407c2cedff20999df2af8eb42d56 -> 
  custom:audio-encoder-webm-vorbis: bf7c407c2cedff20999df2af8eb42d56 -> 
========================================================================
Received Import Request.
  path: Assets/CharacterNewVerAnim.fbx
  artifactKey: Guid(4fc2adf16c78f604f8cae34f2ef9dbed) Importer(815301076,1909f56bfc062723c751e8b465ee728b)
Start importing Assets/CharacterNewVerAnim.fbx using Guid(4fc2adf16c78f604f8cae34f2ef9dbed) Importer(815301076,1909f56bfc062723c751e8b465ee728b)  -> (artifact id: '7c43c95377b9f644babbe674cb796643') in 0.972879 seconds 
========================================================================
Received Import Request.
  Time since last request: 199.987003 seconds.
  path: Assets/นกำส
  artifactKey: Guid(d2e6cd07ee832c9458996b0fbe383d64) Importer(815301076,1909f56bfc062723c751e8b465ee728b)
Start importing Assets/นกำส using Guid(d2e6cd07ee832c9458996b0fbe383d64) Importer(815301076,1909f56bfc062723c751e8b465ee728b)  -> (artifact id: '3e8a77e531720f7b2ec427f9dd268570') in 0.086430 seconds 
========================================================================
Received Import Request.
  Time since last request: 4.787787 seconds.
  path: Assets/Model
  artifactKey: Guid(d2e6cd07ee832c9458996b0fbe383d64) Importer(815301076,1909f56bfc062723c751e8b465ee728b)
Start importing Assets/Model using Guid(d2e6cd07ee832c9458996b0fbe383d64) Importer(815301076,1909f56bfc062723c751e8b465ee728b)  -> (artifact id: '4a78f80518a61889651cc6cda031b05b') in 0.036846 seconds 
========================================================================
Received Import Request.
  Time since last request: 32.398093 seconds.
  path: Assets/Model/CharacterNewVerAnim.fbx
  artifactKey: Guid(4fc2adf16c78f604f8cae34f2ef9dbed) Importer(815301076,1909f56bfc062723c751e8b465ee728b)
Start importing Assets/Model/CharacterNewVerAnim.fbx using Guid(4fc2adf16c78f604f8cae34f2ef9dbed) Importer(815301076,1909f56bfc062723c751e8b465ee728b)  -> (artifact id: 'abfd3889891bae7a282b7776852a35a7') in 0.332151 seconds 
========================================================================
Received Import Request.
  Time since last request: 686.364878 seconds.
  path: Assets/Model/Model.fbx
  artifactKey: Guid(1df5cf502987ec74b904c0522e0cb74e) Importer(815301076,1909f56bfc062723c751e8b465ee728b)
Start importing Assets/Model/Model.fbx using Guid(1df5cf502987ec74b904c0522e0cb74e) Importer(815301076,1909f56bfc062723c751e8b465ee728b)  -> (artifact id: 'e9e667f5645b6e9719cb6f08433beb00') in 0.688446 seconds 
========================================================================
Received Import Request.
  Time since last request: 0.000353 seconds.
  path: Assets/Model/model@Standing React Death Backward.fbx
  artifactKey: Guid(e671d5a24323db247af944ea36d19402) Importer(815301076,1909f56bfc062723c751e8b465ee728b)
Start importing Assets/Model/model@Standing React Death Backward.fbx using Guid(e671d5a24323db247af944ea36d19402) Importer(815301076,1909f56bfc062723c751e8b465ee728b)  -> (artifact id: '4d1bdb145054da5f5832f0bcf1136846') in 0.095738 seconds 
========================================================================
Received Import Request.
  Time since last request: 0.000383 seconds.
  path: Assets/Model/model@Idle.fbx
  artifactKey: Guid(8177e48493dabc543afb233a19dab796) Importer(815301076,1909f56bfc062723c751e8b465ee728b)
Start importing Assets/Model/model@Idle.fbx using Guid(8177e48493dabc543afb233a19dab796) Importer(815301076,1909f56bfc062723c751e8b465ee728b)  -> (artifact id: '35dc5fe2fa8135c1f896f542ab8d2fdc') in 0.075395 seconds 
========================================================================
Received Import Request.
  Time since last request: 65.588154 seconds.
  path: Assets/Model/Model.fbx
  artifactKey: Guid(1df5cf502987ec74b904c0522e0cb74e) Importer(815301076,1909f56bfc062723c751e8b465ee728b)
Start importing Assets/Model/Model.fbx using Guid(1df5cf502987ec74b904c0522e0cb74e) Importer(815301076,1909f56bfc062723c751e8b465ee728b)  -> (artifact id: 'c787e220256f845ddb8be47ea0b473b8') in 0.147812 seconds 
AssetImportWorkerClient::OnTransportError - code=2 error=End of file
